<?xml version="1.0" encoding="UTF-8"?>
<testsuite name="exercicio5p.AppTest" tests="1" skipped="0" failures="0" errors="0" timestamp="2023-09-18T16:23:19" hostname="IARA" time="0.042">
  <properties/>
  <testcase name="appHasAGreeting()" classname="exercicio5p.AppTest" time="0.042"/>
  <system-out><![CDATA[]]></system-out>
  <system-err><![CDATA[]]></system-err>
</testsuite>
